# JRE version: OpenJDK Runtime Environment Temurin-21.0.8+9 (21.0.8+9) (build 21.0.8+9-LTS)
# Java VM: OpenJDK 64-Bit Server VM Temurin-21.0.8+9 (21.0.8+9-LTS, mixed mode, sharing, tiered, compressed oops, compressed class ptrs, parallel gc, windows-amd64)
GC Precious Log:
 CardTable entry size: 512
 CPUs: 8 total, 8 available
 Memory: 7930M
 Large Page Support: Disabled
 NUMA Support: Disabled
 Compressed Oops: Enabled (32-bit)
 Alignments: Space 512K, Generation 512K, Heap 2M
 Heap Min Capacity: 100M
 Heap Initial Capacity: 100M
 Heap Max Capacity: 2G
 Pre-touch: Disabled
 Parallel Workers: 8
Heap:
 PSYoungGen      total 11776K, used 10690K [0x00000000d5580000, 0x00000000d6280000, 0x0000000100000000)
  eden space 11264K, 90% used [0x00000000d5580000,0x00000000d5f738c8,0x00000000d6080000)
  from space 512K, 97% used [0x00000000d6180000,0x00000000d61fd200,0x00000000d6200000)
  to   space 1024K, 0% used [0x00000000d6080000,0x00000000d6080000,0x00000000d6180000)
 ParOldGen       total 1104384K, used 400451K [0x0000000080000000, 0x00000000c3680000, 0x00000000d5580000)
  object space 1104384K, 36% used [0x0000000080000000,0x0000000098710e78,0x00000000c3680000)
 Metaspace       used 71502K, committed 73216K, reserved 1114112K
  class space    used 7353K, committed 8128K, reserved 1048576K
GC Heap History (20 events):
Event: 82.145 GC heap after
{Heap after GC invocations=2183 (full 4):
 PSYoungGen      total 7680K, used 384K [0x00000000d5580000, 0x00000000d5e00000, 0x0000000100000000)
  eden space 7168K, 0% used [0x00000000d5580000,0x00000000d5580000,0x00000000d5c80000)
  from space 512K, 75% used [0x00000000d5d00000,0x00000000d5d60000,0x00000000d5d80000)
  to   space 512K, 0% used [0x00000000d5d80000,0x00000000d5d80000,0x00000000d5e00000)
 ParOldGen       total 1104384K, used 396276K [0x0000000080000000, 0x00000000c3680000, 0x00000000d5580000)
  object space 1104384K, 35% used [0x0000000080000000,0x00000000982fd0e8,0x00000000c3680000)
 Metaspace       used 71502K, committed 73216K, reserved 1114112K
  class space    used 7353K, committed 8128K, reserved 1048576K
}
Event: 82.153 GC heap before
{Heap before GC invocations=2184 (full 4):
 PSYoungGen      total 7680K, used 7552K [0x00000000d5580000, 0x00000000d5e00000, 0x0000000100000000)
  eden space 7168K, 100% used [0x00000000d5580000,0x00000000d5c80000,0x00000000d5c80000)
  from space 512K, 75% used [0x00000000d5d00000,0x00000000d5d60000,0x00000000d5d80000)
  to   space 512K, 0% used [0x00000000d5d80000,0x00000000d5d80000,0x00000000d5e00000)
 ParOldGen       total 1104384K, used 396278K [0x0000000080000000, 0x00000000c3680000, 0x00000000d5580000)
  object space 1104384K, 35% used [0x0000000080000000,0x00000000982fdba0,0x00000000c3680000)
 Metaspace       used 71502K, committed 73216K, reserved 1114112K
  class space    used 7353K, committed 8128K, reserved 1048576K
}
Event: 82.155 GC heap after
{Heap after GC invocations=2184 (full 4):
 PSYoungGen      total 7680K, used 421K [0x00000000d5580000, 0x00000000d5e00000, 0x0000000100000000)
  eden space 7168K, 0% used [0x00000000d5580000,0x00000000d5580000,0x00000000d5c80000)
  from space 512K, 82% used [0x00000000d5d80000,0x00000000d5de9758,0x00000000d5e00000)
  to   space 512K, 0% used [0x00000000d5d00000,0x00000000d5d00000,0x00000000d5d80000)
 ParOldGen       total 1104384K, used 396541K [0x0000000080000000, 0x00000000c3680000, 0x00000000d5580000)
  object space 1104384K, 35% used [0x0000000080000000,0x000000009833f5b0,0x00000000c3680000)
 Metaspace       used 71502K, committed 73216K, reserved 1114112K
  class space    used 7353K, committed 8128K, reserved 1048576K
}
Event: 82.162 GC heap before
{Heap before GC invocations=2185 (full 4):
 PSYoungGen      total 7680K, used 7589K [0x00000000d5580000, 0x00000000d5e00000, 0x0000000100000000)
  eden space 7168K, 100% used [0x00000000d5580000,0x00000000d5c80000,0x00000000d5c80000)
  from space 512K, 82% used [0x00000000d5d80000,0x00000000d5de9758,0x00000000d5e00000)
  to   space 512K, 0% used [0x00000000d5d00000,0x00000000d5d00000,0x00000000d5d80000)
 ParOldGen       total 1104384K, used 396541K [0x0000000080000000, 0x00000000c3680000, 0x00000000d5580000)
  object space 1104384K, 35% used [0x0000000080000000,0x000000009833f5b0,0x00000000c3680000)
 Metaspace       used 71502K, committed 73216K, reserved 1114112K
  class space    used 7353K, committed 8128K, reserved 1048576K
}
Event: 82.163 GC heap after
{Heap after GC invocations=2185 (full 4):
 PSYoungGen      total 7680K, used 256K [0x00000000d5580000, 0x00000000d5e00000, 0x0000000100000000)
  eden space 7168K, 0% used [0x00000000d5580000,0x00000000d5580000,0x00000000d5c80000)
  from space 512K, 50% used [0x00000000d5d00000,0x00000000d5d40000,0x00000000d5d80000)
  to   space 512K, 0% used [0x00000000d5d80000,0x00000000d5d80000,0x00000000d5e00000)
 ParOldGen       total 1104384K, used 396814K [0x0000000080000000, 0x00000000c3680000, 0x00000000d5580000)
  object space 1104384K, 35% used [0x0000000080000000,0x00000000983839c8,0x00000000c3680000)
 Metaspace       used 71502K, committed 73216K, reserved 1114112K
  class space    used 7353K, committed 8128K, reserved 1048576K
}
Event: 82.172 GC heap before
{Heap before GC invocations=2186 (full 4):
 PSYoungGen      total 7680K, used 7424K [0x00000000d5580000, 0x00000000d5e00000, 0x0000000100000000)
  eden space 7168K, 100% used [0x00000000d5580000,0x00000000d5c80000,0x00000000d5c80000)
  from space 512K, 50% used [0x00000000d5d00000,0x00000000d5d40000,0x00000000d5d80000)
  to   space 512K, 0% used [0x00000000d5d80000,0x00000000d5d80000,0x00000000d5e00000)
 ParOldGen       total 1104384K, used 396814K [0x0000000080000000, 0x00000000c3680000, 0x00000000d5580000)
  object space 1104384K, 35% used [0x0000000080000000,0x00000000983839c8,0x00000000c3680000)
 Metaspace       used 71502K, committed 73216K, reserved 1114112K
  class space    used 7353K, committed 8128K, reserved 1048576K
}
Event: 82.174 GC heap after
{Heap after GC invocations=2186 (full 4):
 PSYoungGen      total 7680K, used 288K [0x00000000d5580000, 0x00000000d5e00000, 0x0000000100000000)
  eden space 7168K, 0% used [0x00000000d5580000,0x00000000d5580000,0x00000000d5c80000)
  from space 512K, 56% used [0x00000000d5d80000,0x00000000d5dc8000,0x00000000d5e00000)
  to   space 512K, 0% used [0x00000000d5d00000,0x00000000d5d00000,0x00000000d5d80000)
 ParOldGen       total 1104384K, used 396982K [0x0000000080000000, 0x00000000c3680000, 0x00000000d5580000)
  object space 1104384K, 35% used [0x0000000080000000,0x00000000983ad9c8,0x00000000c3680000)
 Metaspace       used 71502K, committed 73216K, reserved 1114112K
  class space    used 7353K, committed 8128K, reserved 1048576K
}
Event: 82.185 GC heap before
{Heap before GC invocations=2187 (full 4):
 PSYoungGen      total 7680K, used 7456K [0x00000000d5580000, 0x00000000d5e00000, 0x0000000100000000)
  eden space 7168K, 100% used [0x00000000d5580000,0x00000000d5c80000,0x00000000d5c80000)
  from space 512K, 56% used [0x00000000d5d80000,0x00000000d5dc8000,0x00000000d5e00000)
  to   space 512K, 0% used [0x00000000d5d00000,0x00000000d5d00000,0x00000000d5d80000)
 ParOldGen       total 1104384K, used 396982K [0x0000000080000000, 0x00000000c3680000, 0x00000000d5580000)
  object space 1104384K, 35% used [0x0000000080000000,0x00000000983ad9c8,0x00000000c3680000)
 Metaspace       used 71502K, committed 73216K, reserved 1114112K
  class space    used 7353K, committed 8128K, reserved 1048576K
}
Event: 82.187 GC heap after
{Heap after GC invocations=2187 (full 4):
 PSYoungGen      total 7680K, used 396K [0x00000000d5580000, 0x00000000d5e00000, 0x0000000100000000)
  eden space 7168K, 0% used [0x00000000d5580000,0x00000000d5580000,0x00000000d5c80000)
  from space 512K, 77% used [0x00000000d5d00000,0x00000000d5d632e8,0x00000000d5d80000)
  to   space 512K, 0% used [0x00000000d5d80000,0x00000000d5d80000,0x00000000d5e00000)
 ParOldGen       total 1104384K, used 397174K [0x0000000080000000, 0x00000000c3680000, 0x00000000d5580000)
  object space 1104384K, 35% used [0x0000000080000000,0x00000000983dd9c8,0x00000000c3680000)
 Metaspace       used 71502K, committed 73216K, reserved 1114112K
  class space    used 7353K, committed 8128K, reserved 1048576K
}
Event: 82.195 GC heap before
{Heap before GC invocations=2188 (full 4):
 PSYoungGen      total 7680K, used 7564K [0x00000000d5580000, 0x00000000d5e00000, 0x0000000100000000)
  eden space 7168K, 100% used [0x00000000d5580000,0x00000000d5c80000,0x00000000d5c80000)
  from space 512K, 77% used [0x00000000d5d00000,0x00000000d5d632e8,0x00000000d5d80000)
  to   space 512K, 0% used [0x00000000d5d80000,0x00000000d5d80000,0x00000000d5e00000)
 ParOldGen       total 1104384K, used 397174K [0x0000000080000000, 0x00000000c3680000, 0x00000000d5580000)
  object space 1104384K, 35% used [0x0000000080000000,0x00000000983dd9c8,0x00000000c3680000)
 Metaspace       used 71502K, committed 73216K, reserved 1114112K
  class space    used 7353K, committed 8128K, reserved 1048576K
}
Event: 82.197 GC heap after
{Heap after GC invocations=2188 (full 4):
 PSYoungGen      total 7680K, used 256K [0x00000000d5580000, 0x00000000d5e00000, 0x0000000100000000)
  eden space 7168K, 0% used [0x00000000d5580000,0x00000000d5580000,0x00000000d5c80000)
  from space 512K, 50% used [0x00000000d5d80000,0x00000000d5dc0000,0x00000000d5e00000)
  to   space 512K, 0% used [0x00000000d5d00000,0x00000000d5d00000,0x00000000d5d80000)
 ParOldGen       total 1104384K, used 397435K [0x0000000080000000, 0x00000000c3680000, 0x00000000d5580000)
  object space 1104384K, 35% used [0x0000000080000000,0x000000009841ed10,0x00000000c3680000)
 Metaspace       used 71502K, committed 73216K, reserved 1114112K
  class space    used 7353K, committed 8128K, reserved 1048576K
}
Event: 82.204 GC heap before
{Heap before GC invocations=2189 (full 4):
 PSYoungGen      total 7680K, used 7424K [0x00000000d5580000, 0x00000000d5e00000, 0x0000000100000000)
  eden space 7168K, 100% used [0x00000000d5580000,0x00000000d5c80000,0x00000000d5c80000)
  from space 512K, 50% used [0x00000000d5d80000,0x00000000d5dc0000,0x00000000d5e00000)
  to   space 512K, 0% used [0x00000000d5d00000,0x00000000d5d00000,0x00000000d5d80000)
 ParOldGen       total 1104384K, used 397435K [0x0000000080000000, 0x00000000c3680000, 0x00000000d5580000)
  object space 1104384K, 35% used [0x0000000080000000,0x000000009841ed10,0x00000000c3680000)
 Metaspace       used 71502K, committed 73216K, reserved 1114112K
  class space    used 7353K, committed 8128K, reserved 1048576K
}
Event: 82.206 GC heap after
{Heap after GC invocations=2189 (full 4):
 PSYoungGen      total 7680K, used 343K [0x00000000d5580000, 0x00000000d5e00000, 0x0000000100000000)
  eden space 7168K, 0% used [0x00000000d5580000,0x00000000d5580000,0x00000000d5c80000)
  from space 512K, 67% used [0x00000000d5d00000,0x00000000d5d55c70,0x00000000d5d80000)
  to   space 512K, 0% used [0x00000000d5d80000,0x00000000d5d80000,0x00000000d5e00000)
 ParOldGen       total 1104384K, used 397595K [0x0000000080000000, 0x00000000c3680000, 0x00000000d5580000)
  object space 1104384K, 36% used [0x0000000080000000,0x0000000098446d10,0x00000000c3680000)
 Metaspace       used 71502K, committed 73216K, reserved 1114112K
  class space    used 7353K, committed 8128K, reserved 1048576K
}
Event: 82.221 GC heap before
{Heap before GC invocations=2190 (full 4):
 PSYoungGen      total 7680K, used 7511K [0x00000000d5580000, 0x00000000d5e00000, 0x0000000100000000)
  eden space 7168K, 100% used [0x00000000d5580000,0x00000000d5c80000,0x00000000d5c80000)
  from space 512K, 67% used [0x00000000d5d00000,0x00000000d5d55c70,0x00000000d5d80000)
  to   space 512K, 0% used [0x00000000d5d80000,0x00000000d5d80000,0x00000000d5e00000)
 ParOldGen       total 1104384K, used 397595K [0x0000000080000000, 0x00000000c3680000, 0x00000000d5580000)
  object space 1104384K, 36% used [0x0000000080000000,0x0000000098446d10,0x00000000c3680000)
 Metaspace       used 71502K, committed 73216K, reserved 1114112K
  class space    used 7353K, committed 8128K, reserved 1048576K
}
Event: 82.223 GC heap after
{Heap after GC invocations=2190 (full 4):
 PSYoungGen      total 7680K, used 336K [0x00000000d5580000, 0x00000000d5e00000, 0x0000000100000000)
  eden space 7168K, 0% used [0x00000000d5580000,0x00000000d5580000,0x00000000d5c80000)
  from space 512K, 65% used [0x00000000d5d80000,0x00000000d5dd4010,0x00000000d5e00000)
  to   space 512K, 0% used [0x00000000d5d00000,0x00000000d5d00000,0x00000000d5d80000)
 ParOldGen       total 1104384K, used 397842K [0x0000000080000000, 0x00000000c3680000, 0x00000000d5580000)
  object space 1104384K, 36% used [0x0000000080000000,0x0000000098484980,0x00000000c3680000)
 Metaspace       used 71502K, committed 73216K, reserved 1114112K
  class space    used 7353K, committed 8128K, reserved 1048576K
}
Event: 82.235 GC heap before
{Heap before GC invocations=2191 (full 4):
 PSYoungGen      total 7680K, used 7504K [0x00000000d5580000, 0x00000000d5e00000, 0x0000000100000000)
  eden space 7168K, 100% used [0x00000000d5580000,0x00000000d5c80000,0x00000000d5c80000)
  from space 512K, 65% used [0x00000000d5d80000,0x00000000d5dd4010,0x00000000d5e00000)
  to   space 512K, 0% used [0x00000000d5d00000,0x00000000d5d00000,0x00000000d5d80000)
 ParOldGen       total 1104384K, used 397842K [0x0000000080000000, 0x00000000c3680000, 0x00000000d5580000)
  object space 1104384K, 36% used [0x0000000080000000,0x0000000098484980,0x00000000c3680000)
 Metaspace       used 71502K, committed 73216K, reserved 1114112K
  class space    used 7353K, committed 8128K, reserved 1048576K
}
Event: 82.237 GC heap after
{Heap after GC invocations=2191 (full 4):
 PSYoungGen      total 7680K, used 320K [0x00000000d5580000, 0x00000000d5e00000, 0x0000000100000000)
  eden space 7168K, 0% used [0x00000000d5580000,0x00000000d5580000,0x00000000d5c80000)
  from space 512K, 62% used [0x00000000d5d00000,0x00000000d5d50000,0x00000000d5d80000)
  to   space 512K, 0% used [0x00000000d5d80000,0x00000000d5d80000,0x00000000d5e00000)
 ParOldGen       total 1104384K, used 397993K [0x0000000080000000, 0x00000000c3680000, 0x00000000d5580000)
  object space 1104384K, 36% used [0x0000000080000000,0x00000000984aa400,0x00000000c3680000)
 Metaspace       used 71502K, committed 73216K, reserved 1114112K
  class space    used 7353K, committed 8128K, reserved 1048576K
}
Event: 82.245 GC heap before
{Heap before GC invocations=2192 (full 4):
 PSYoungGen      total 7680K, used 7488K [0x00000000d5580000, 0x00000000d5e00000, 0x0000000100000000)
  eden space 7168K, 100% used [0x00000000d5580000,0x00000000d5c80000,0x00000000d5c80000)
  from space 512K, 62% used [0x00000000d5d00000,0x00000000d5d50000,0x00000000d5d80000)
  to   space 512K, 0% used [0x00000000d5d80000,0x00000000d5d80000,0x00000000d5e00000)
 ParOldGen       total 1104384K, used 397993K [0x0000000080000000, 0x00000000c3680000, 0x00000000d5580000)
  object space 1104384K, 36% used [0x0000000080000000,0x00000000984aa400,0x00000000c3680000)
 Metaspace       used 71502K, committed 73216K, reserved 1114112K
  class space    used 7353K, committed 8128K, reserved 1048576K
}
Event: 82.246 GC heap after
{Heap after GC invocations=2192 (full 4):
 PSYoungGen      total 7680K, used 294K [0x00000000d5580000, 0x00000000d5e00000, 0x0000000100000000)
  eden space 7168K, 0% used [0x00000000d5580000,0x00000000d5580000,0x00000000d5c80000)
  from space 512K, 57% used [0x00000000d5d80000,0x00000000d5dc9920,0x00000000d5e00000)
  to   space 512K, 0% used [0x00000000d5d00000,0x00000000d5d00000,0x00000000d5d80000)
 ParOldGen       total 1104384K, used 398157K [0x0000000080000000, 0x00000000c3680000, 0x00000000d5580000)
  object space 1104384K, 36% used [0x0000000080000000,0x00000000984d3660,0x00000000c3680000)
 Metaspace       used 71502K, committed 73216K, reserved 1114112K
  class space    used 7353K, committed 8128K, reserved 1048576K
}
Event: 82.254 GC heap before
{Heap before GC invocations=2193 (full 4):
 PSYoungGen      total 7680K, used 7462K [0x00000000d5580000, 0x00000000d5e00000, 0x0000000100000000)
  eden space 7168K, 100% used [0x00000000d5580000,0x00000000d5c80000,0x00000000d5c80000)
  from space 512K, 57% used [0x00000000d5d80000,0x00000000d5dc9920,0x00000000d5e00000)
  to   space 512K, 0% used [0x00000000d5d00000,0x00000000d5d00000,0x00000000d5d80000)
 ParOldGen       total 1104384K, used 398157K [0x0000000080000000, 0x00000000c3680000, 0x00000000d5580000)
  object space 1104384K, 36% used [0x0000000080000000,0x00000000984d3660,0x00000000c3680000)
 Metaspace       used 71502K, committed 73216K, reserved 1114112K
  class space    used 7353K, committed 8128K, reserved 1048576K
}

